Assembler report for PAL_Sync_Gen
Wed Apr 13 09:25:03 2005
Version 4.2 Build 178 01/19/2005 Service Pack 1 SJ Web Edition


---------------------
; Table of Contents ;
---------------------
  1. Legal Notice
  2. Assembler Summary
  3. Assembler Settings
  4. Assembler Generated Files
  5. Assembler Device Options: D:/Projecten/HG2005/054021 SYNC generator/054021 PAL_Sync_Gen 7064/PAL_Sync_Gen.pof
  6. Assembler Messages



----------------
; Legal Notice ;
----------------
Copyright (C) 1991-2005 Altera Corporation
Any  megafunction  design,  and related netlist (encrypted  or  decrypted),
support information,  device programming or simulation file,  and any other
associated  documentation or information  provided by  Altera  or a partner
under  Altera's   Megafunction   Partnership   Program  may  be  used  only
to program  PLD  devices (but not masked  PLD  devices) from  Altera.   Any
other  use  of such  megafunction  design,  netlist,  support  information,
device programming or simulation file,  or any other  related documentation
or information  is prohibited  for  any  other purpose,  including, but not
limited to  modification,  reverse engineering,  de-compiling, or use  with
any other  silicon devices,  unless such use is  explicitly  licensed under
a separate agreement with  Altera  or a megafunction partner.  Title to the
intellectual property,  including patents,  copyrights,  trademarks,  trade
secrets,  or maskworks,  embodied in any such megafunction design, netlist,
support  information,  device programming or simulation file,  or any other
related documentation or information provided by  Altera  or a megafunction
partner, remains with Altera, the megafunction partner, or their respective
licensors. No other licenses, including any licenses needed under any third
party's intellectual property, are provided herein.



+---------------------------------------------------------------+
; Assembler Summary                                             ;
+-----------------------+---------------------------------------+
; Assembler Status      ; Successful - Wed Apr 13 09:25:03 2005 ;
; Revision Name         ; PAL_Sync_Gen                          ;
; Top-level Entity Name ; Sync_Main                             ;
; Family                ; MAX7000S                              ;
; Device                ; EPM7128SLC84-10                       ;
+-----------------------+---------------------------------------+


+------------------------------------------------------------------------------------------------------------------+
; Assembler Settings                                                                                               ;
+---------------------------------------------------------------------------------------+----------+---------------+
; Option                                                                                ; Setting  ; Default Value ;
+---------------------------------------------------------------------------------------+----------+---------------+
; Generate Serial Vector Format File (.svf) for Target Device                           ; On       ; Off           ;
; Use smart compilation                                                                 ; Normal   ; Normal        ;
; Generate In System Configuration File (.isc) for Target Device                        ; Off      ; Off           ;
; Generate a JEDEC STAPL Format File (.jam) for Target Device                           ; Off      ; Off           ;
; Generate an uncompressed Jam STAPL Byte Code 2.0 File (.jbc) for Target Device        ; Off      ; Off           ;
; Generate a compressed Jam STAPL Byte Code 2.0 File (.jbc) for Target Device           ; On       ; On            ;
; Generate Serial Vector Format File (.svf) For Configuration Device                    ; Off      ; Off           ;
; Generate In System Configuration File (.isc) For Configuration Device                 ; Off      ; Off           ;
; Generate a JEDEC STAPL Format File (.jam)For Configuration Device                     ; Off      ; Off           ;
; Generate an uncompressed Jam STAPL Byte Code 2.0 File (.jbc) For Configuration Device ; Off      ; Off           ;
; Generate a compressed Jam STAPL Byte Code 2.0 File (.jbc) For Configuration Device    ; On       ; On            ;
; Generate Hexadecimal (Intel-format) Output File (.hexout) For Configuration Device    ; Off      ; Off           ;
; Compression mode                                                                      ; Off      ; Off           ;
; Clock source for configuration device                                                 ; Internal ; Internal      ;
; Clock frequency of the configuration device                                           ; 10 MHz   ; 10 MHz        ;
; Divide clock frequency by                                                             ; 1        ; 1             ;
; JTAG user code for target device                                                      ; Ffff     ; Ffff          ;
; Auto user code                                                                        ; off      ; off           ;
; Security bit                                                                          ; off      ; off           ;
; Configuration device auto user code                                                   ; off      ; off           ;
; Generate Tabular Text File (.ttf) For Target Device                                   ; Off      ; Off           ;
; Generate Raw Binary File (.rbf) For Target Device                                     ; Off      ; Off           ;
; Generate Hexadecimal (Intel-Format) Output File (.hexout) for Target Device           ; Off      ; Off           ;
; Hexadecimal Output File start address                                                 ; 0        ; 0             ;
; Hexadecimal Output File count direction                                               ; Up       ; Up            ;
+---------------------------------------------------------------------------------------+----------+---------------+


+-------------------------------------------------------------------------------------+
; Assembler Generated Files                                                           ;
+-------------------------------------------------------------------------------------+
; File Name                                                                           ;
+-------------------------------------------------------------------------------------+
; D:/Projecten/HG2005/054021 SYNC generator/054021 PAL_Sync_Gen 7064/PAL_Sync_Gen.pof ;
; D:/Projecten/HG2005/054021 SYNC generator/054021 PAL_Sync_Gen 7064/PAL_Sync_Gen.svf ;
+-------------------------------------------------------------------------------------+


+---------------------------------------------------------------------------------------------------------------+
; Assembler Device Options: D:/Projecten/HG2005/054021 SYNC generator/054021 PAL_Sync_Gen 7064/PAL_Sync_Gen.pof ;
+----------------+----------------------------------------------------------------------------------------------+
; Option         ; Setting                                                                                      ;
+----------------+----------------------------------------------------------------------------------------------+
; Device         ; EPM7128SLC84-10                                                                              ;
; JTAG usercode  ; 0x00000000                                                                                   ;
; Checksum       ; 0x001B76AA                                                                                   ;
+----------------+----------------------------------------------------------------------------------------------+


+--------------------+
; Assembler Messages ;
+--------------------+
Info: *******************************************************************
Info: Running Quartus II Assembler
    Info: Version 4.2 Build 178 01/19/2005 Service Pack 1 SJ Web Edition
    Info: Processing started: Wed Apr 13 09:25:02 2005
Info: Command: quartus_asm --import_settings_files=off --export_settings_files=off PAL_SyncGen -c PAL_Sync_Gen
Info: Quartus II Assembler was successful. 0 errors, 0 warnings
    Info: Processing ended: Wed Apr 13 09:25:03 2005
    Info: Elapsed time: 00:00:01


