Flow report for PAL_Sync_Gen
Wed Apr 13 09:25:05 2005
Version 4.2 Build 178 01/19/2005 Service Pack 1 SJ Web Edition


---------------------
; Table of Contents ;
---------------------
  1. Legal Notice
  2. Flow Summary
  3. Flow Settings
  4. Flow Elapsed Time
  5. Flow Log



----------------
; Legal Notice ;
----------------
Copyright (C) 1991-2005 Altera Corporation
Any  megafunction  design,  and related netlist (encrypted  or  decrypted),
support information,  device programming or simulation file,  and any other
associated  documentation or information  provided by  Altera  or a partner
under  Altera's   Megafunction   Partnership   Program  may  be  used  only
to program  PLD  devices (but not masked  PLD  devices) from  Altera.   Any
other  use  of such  megafunction  design,  netlist,  support  information,
device programming or simulation file,  or any other  related documentation
or information  is prohibited  for  any  other purpose,  including, but not
limited to  modification,  reverse engineering,  de-compiling, or use  with
any other  silicon devices,  unless such use is  explicitly  licensed under
a separate agreement with  Altera  or a megafunction partner.  Title to the
intellectual property,  including patents,  copyrights,  trademarks,  trade
secrets,  or maskworks,  embodied in any such megafunction design, netlist,
support  information,  device programming or simulation file,  or any other
related documentation or information provided by  Altera  or a megafunction
partner, remains with Altera, the megafunction partner, or their respective
licensors. No other licenses, including any licenses needed under any third
party's intellectual property, are provided herein.



+------------------------------------------------------------------------+
; Flow Summary                                                           ;
+-------------------------+----------------------------------------------+
; Flow Status             ; Successful - Wed Apr 13 09:25:05 2005        ;
; Quartus II Version      ; 4.2 Build 178 01/19/2005 SP 1 SJ Web Edition ;
; Revision Name           ; PAL_Sync_Gen                                 ;
; Top-level Entity Name   ; Sync_Main                                    ;
; Family                  ; MAX7000S                                     ;
; Device                  ; EPM7128SLC84-10                              ;
; Timing Models           ; Final                                        ;
; Met timing requirements ; Yes                                          ;
; Total macrocells        ; 65 / 128 ( 50 % )                            ;
; Total pins              ; 10 / 68 ( 14 % )                             ;
+-------------------------+----------------------------------------------+


+-----------------------------------------+
; Flow Settings                           ;
+-------------------+---------------------+
; Option            ; Setting             ;
+-------------------+---------------------+
; Start date & time ; 04/13/2005 09:24:51 ;
; Main task         ; Compilation         ;
; Revision Name     ; PAL_Sync_Gen        ;
+-------------------+---------------------+


+-------------------------------------+
; Flow Elapsed Time                   ;
+----------------------+--------------+
; Module Name          ; Elapsed Time ;
+----------------------+--------------+
; Analysis & Synthesis ; 00:00:06     ;
; Fitter               ; 00:00:02     ;
; Assembler            ; 00:00:01     ;
; Timing Analyzer      ; 00:00:01     ;
; Total                ; 00:00:10     ;
+----------------------+--------------+


------------
; Flow Log ;
------------
quartus_map --import_settings_files=on --export_settings_files=off PAL_SyncGen -c PAL_Sync_Gen
quartus_fit --import_settings_files=off --export_settings_files=off PAL_SyncGen -c PAL_Sync_Gen
quartus_asm --import_settings_files=off --export_settings_files=off PAL_SyncGen -c PAL_Sync_Gen
quartus_tan --import_settings_files=off --export_settings_files=off PAL_SyncGen -c PAL_Sync_Gen



